<?xml version="1.0" encoding="UTF-8"?>
<!-- Generated by org.testng.reporters.JUnitReportReporter -->
<testsuite hostname="DESKTOP-MLET7D3" failures="0" tests="1" name="testscripts.T001_Google" time="26.556" errors="0" timestamp="2021-11-19T15:11:39 IST" skipped="0">
  <testcase classname="testscripts.T001_Google" name="openGoogle" time="26.556"/>
  <system-out/>
</testsuite> <!-- testscripts.T001_Google -->
